<?xml version="1.0" encoding="UTF-8"?>
<testng-results skipped="0" failed="0" total="3" passed="3">
  <reporter-output>
  </reporter-output>
  <suite name="Suite" duration-ms="28432" started-at="2024-12-25T15:12:50Z" finished-at="2024-12-25T15:13:19Z">
    <groups>
      <group name="sanity">
        <method signature="Adactlogin.search(java.lang.String, java.lang.String, java.lang.String, java.lang.String, java.lang.String, java.lang.String, java.lang.String, java.lang.String)[pri:0, instance:org.test.Adactlogin@5025a98f]" name="search" class="org.test.Adactlogin"/>
      </group> <!-- sanity -->
    </groups>
    <test name="Test" duration-ms="28432" started-at="2024-12-25T15:12:50Z" finished-at="2024-12-25T15:13:19Z">
      <class name="org.test.Adactlogin">
        <test-method status="PASS" signature="search(java.lang.String, java.lang.String, java.lang.String, java.lang.String, java.lang.String, java.lang.String, java.lang.String, java.lang.String)[pri:0, instance:org.test.Adactlogin@5025a98f]" name="search" duration-ms="11154" started-at="2024-12-25T20:42:51Z" data-provider="Search" finished-at="2024-12-25T20:43:02Z">
          <params>
            <param index="0">
              <value>
                <![CDATA[Sydney]]>
              </value>
            </param>
            <param index="1">
              <value>
                <![CDATA[Hotel Sunshine]]>
              </value>
            </param>
            <param index="2">
              <value>
                <![CDATA[Standard]]>
              </value>
            </param>
            <param index="3">
              <value>
                <![CDATA[1]]>
              </value>
            </param>
            <param index="4">
              <value>
                <![CDATA[26-12-2024]]>
              </value>
            </param>
            <param index="5">
              <value>
                <![CDATA[29-12-2024]]>
              </value>
            </param>
            <param index="6">
              <value>
                <![CDATA[2]]>
              </value>
            </param>
            <param index="7">
              <value>
                <![CDATA[1]]>
              </value>
            </param>
          </params>
          <reporter-output>
          </reporter-output>
        </test-method> <!-- search -->
        <test-method status="PASS" signature="search(java.lang.String, java.lang.String, java.lang.String, java.lang.String, java.lang.String, java.lang.String, java.lang.String, java.lang.String)[pri:0, instance:org.test.Adactlogin@5025a98f]" name="search" duration-ms="8225" started-at="2024-12-25T20:43:02Z" data-provider="Search" finished-at="2024-12-25T20:43:10Z">
          <params>
            <param index="0">
              <value>
                <![CDATA[London]]>
              </value>
            </param>
            <param index="1">
              <value>
                <![CDATA[Hotel Hervey]]>
              </value>
            </param>
            <param index="2">
              <value>
                <![CDATA[Deluxe]]>
              </value>
            </param>
            <param index="3">
              <value>
                <![CDATA[2]]>
              </value>
            </param>
            <param index="4">
              <value>
                <![CDATA[26/12/2024]]>
              </value>
            </param>
            <param index="5">
              <value>
                <![CDATA[28/12/2024]]>
              </value>
            </param>
            <param index="6">
              <value>
                <![CDATA[3]]>
              </value>
            </param>
            <param index="7">
              <value>
                <![CDATA[2]]>
              </value>
            </param>
          </params>
          <reporter-output>
          </reporter-output>
        </test-method> <!-- search -->
        <test-method status="PASS" signature="search(java.lang.String, java.lang.String, java.lang.String, java.lang.String, java.lang.String, java.lang.String, java.lang.String, java.lang.String)[pri:0, instance:org.test.Adactlogin@5025a98f]" name="search" duration-ms="8647" started-at="2024-12-25T20:43:10Z" data-provider="Search" finished-at="2024-12-25T20:43:19Z">
          <params>
            <param index="0">
              <value>
                <![CDATA[New York]]>
              </value>
            </param>
            <param index="1">
              <value>
                <![CDATA[Hotel Cornice]]>
              </value>
            </param>
            <param index="2">
              <value>
                <![CDATA[Super Deluxe]]>
              </value>
            </param>
            <param index="3">
              <value>
                <![CDATA[3]]>
              </value>
            </param>
            <param index="4">
              <value>
                <![CDATA[30/12/2024]]>
              </value>
            </param>
            <param index="5">
              <value>
                <![CDATA[31/12/2024]]>
              </value>
            </param>
            <param index="6">
              <value>
                <![CDATA[4]]>
              </value>
            </param>
            <param index="7">
              <value>
                <![CDATA[3]]>
              </value>
            </param>
          </params>
          <reporter-output>
          </reporter-output>
        </test-method> <!-- search -->
      </class> <!-- org.test.Adactlogin -->
    </test> <!-- Test -->
  </suite> <!-- Suite -->
</testng-results>
